Sat, 28 Feb 2026 12:14:52 -0500 [Nitrado\WindowsBackend\Games\dayzxb] [DayZTypesLimiter] Error parsing types.xml: File not found
Sat, 28 Feb 2026 12:14:52 -0500 [Nitrado\WindowsBackend\Games\dayzxb] [DayZCustomObjectFilter] No custom folder found
2026-02-28 17:40:25 Server restart requested (Webinterface)
Sat, 28 Feb 2026 12:40:35 -0500 Server restart requested (WINDOWS)
Sat, 28 Feb 2026 12:41:13 -0500 [Nitrado\WindowsBackend\Games\dayzxb] [DayZTypesLimiter] Error parsing types.xml: File not found
Sat, 28 Feb 2026 12:41:13 -0500 [Nitrado\WindowsBackend\Games\dayzxb] [DayZCustomObjectFilter] No custom folder found
2026-02-28 17:42:53 Server restart requested (Webinterface)
Sat, 28 Feb 2026 12:42:58 -0500 Server restart requested (WINDOWS)
Sat, 28 Feb 2026 12:43:37 -0500 [Nitrado\WindowsBackend\Games\dayzxb] [DayZTypesLimiter] Error parsing types.xml: File not found
Sat, 28 Feb 2026 12:43:37 -0500 [Nitrado\WindowsBackend\Games\dayzxb] [DayZCustomObjectFilter] No custom folder found
2026-02-28 17:45:28 Server restart requested (Webinterface)
Sat, 28 Feb 2026 12:45:31 -0500 Server restart requested (WINDOWS)
Sat, 28 Feb 2026 12:46:11 -0500 [Nitrado\WindowsBackend\Games\dayzxb] [DayZTypesLimiter] No changes to types.xml required
2026-02-28 18:00:23 Server restart requested (Webinterface)
Sat, 28 Feb 2026 13:00:31 -0500 Server restart requested (WINDOWS)
Sat, 28 Feb 2026 13:01:14 -0500 [Nitrado\WindowsBackend\Games\dayzxb] [DayZTypesLimiter] No changes to types.xml required
2026-03-01 01:55:40 Automated server restart in progress...
Sat, 28 Feb 2026 20:55:44 -0500 Server restart requested (WINDOWS)
Sat, 28 Feb 2026 20:56:24 -0500 [Nitrado\WindowsBackend\Games\dayzxb] [DayZTypesLimiter] No changes to types.xml required
2026-03-01 08:55:29 Automated server restart in progress...
Sun, 01 Mar 2026 03:55:37 -0500 Server restart requested (WINDOWS)
Sun, 01 Mar 2026 03:56:16 -0500 [Nitrado\WindowsBackend\Games\dayzxb] [DayZTypesLimiter] No changes to types.xml required
2026-03-02 08:55:08 Automated server restart in progress...
Mon, 02 Mar 2026 03:55:10 -0500 Server restart requested (WINDOWS)
Mon, 02 Mar 2026 03:55:49 -0500 [Nitrado\WindowsBackend\Games\dayzxb] [DayZTypesLimiter] No changes to types.xml required
2026-03-02 14:49:12 Server stop requested (Webinterface)
2026-03-02 21:31:01 Server restart requested (Webinterface)
Mon, 02 Mar 2026 16:31:03 -0500 Server restart requested (WINDOWS)
Mon, 02 Mar 2026 16:31:25 -0500 [Nitrado\WindowsBackend\Games\dayzxb] [DayZTypesLimiter] No changes to types.xml required
2026-03-03 00:40:07 Server stop requested (Webinterface)
2026-03-03 01:04:22 Server restart requested (Webinterface)
Mon, 02 Mar 2026 20:04:28 -0500 Server restart requested (WINDOWS)
Mon, 02 Mar 2026 20:04:50 -0500 [Nitrado\WindowsBackend\Games\dayzxb] [DayZTypesLimiter] No changes to types.xml required
2026-03-03 08:55:15 Automated server restart in progress...
Tue, 03 Mar 2026 03:55:18 -0500 Server restart requested (WINDOWS)
Tue, 03 Mar 2026 03:55:59 -0500 [Nitrado\WindowsBackend\Games\dayzxb] [DayZTypesLimiter] No changes to types.xml required
2026-03-04 08:55:18 Automated server restart in progress...
Wed, 04 Mar 2026 03:55:20 -0500 Server restart requested (WINDOWS)
Wed, 04 Mar 2026 03:55:59 -0500 [Nitrado\WindowsBackend\Games\dayzxb] [DayZTypesLimiter] No changes to types.xml required
2026-03-05 08:55:30 Automated server restart in progress...
Thu, 05 Mar 2026 03:55:35 -0500 Server restart requested (WINDOWS)
Thu, 05 Mar 2026 03:56:12 -0500 [Nitrado\WindowsBackend\Games\dayzxb] [DayZTypesLimiter] No changes to types.xml required
2026-03-06 08:55:17 Automated server restart in progress...
Fri, 06 Mar 2026 03:55:39 -0500 Server restart requested (WINDOWS)
Fri, 06 Mar 2026 03:56:18 -0500 [Nitrado\WindowsBackend\Games\dayzxb] [DayZTypesLimiter] No changes to types.xml required
2026-03-07 01:50:46 Server restart requested (Webinterface)
Fri, 06 Mar 2026 20:50:52 -0500 Server restart requested (WINDOWS)
Fri, 06 Mar 2026 20:51:32 -0500 [Nitrado\WindowsBackend\Games\dayzxb] [DayZTypesLimiter] No changes to types.xml required
2026-03-07 02:00:24 Server restart requested (Webinterface)
Fri, 06 Mar 2026 21:00:27 -0500 Server restart requested (WINDOWS)
Fri, 06 Mar 2026 21:01:10 -0500 [Nitrado\WindowsBackend\Games\dayzxb] [DayZTypesLimiter] No changes to types.xml required
2026-03-07 04:27:41 Server restart requested (Webinterface)
Fri, 06 Mar 2026 23:27:50 -0500 Server restart requested (WINDOWS)
Fri, 06 Mar 2026 23:28:33 -0500 [Nitrado\WindowsBackend\Games\dayzxb] [DayZTypesLimiter] No changes to types.xml required
2026-03-07 08:55:25 Automated server restart in progress...
Sat, 07 Mar 2026 03:55:28 -0500 Server restart requested (WINDOWS)
Sat, 07 Mar 2026 03:56:06 -0500 [Nitrado\WindowsBackend\Games\dayzxb] [DayZTypesLimiter] No changes to types.xml required
Sat, 07 Mar 2026 13:26:41 -0500 [Nitrado\WindowsBackend\Games\dayzxb] [DayZTypesLimiter] No changes to types.xml required
